INFO	2017-03-25 21:18:44,010	41861	root	[qtp290381534-17]	Service Execution : execution(public java.util.List com.mtit.service.BookServiceImpl.getBooks())
INFO	2017-03-25 21:18:44,010	41861	root	[qtp290381534-17]	Listing requested
INFO	2017-03-25 21:18:44,011	41862	root	[qtp290381534-17]	Data Access Execution : execution(public java.util.List com.mtit.dataaccess.BookDataAccessLayerImpl.list())
INFO	2017-03-25 21:18:44,013	41864	root	[qtp290381534-17]	Data Access Execution : execution(private com.mtit.models.Book com.mtit.dataaccess.BookDataAccessLayerImpl.getBookFromResultSet(java.sql.ResultSet))
INFO	2017-03-25 21:18:44,013	41864	root	[qtp290381534-17]	Data Access Execution Completed : execution(private com.mtit.models.Book com.mtit.dataaccess.BookDataAccessLayerImpl.getBookFromResultSet(java.sql.ResultSet))
INFO	2017-03-25 21:18:44,015	41866	root	[qtp290381534-17]	Data Access Execution : execution(private com.mtit.models.Book com.mtit.dataaccess.BookDataAccessLayerImpl.getBookFromResultSet(java.sql.ResultSet))
INFO	2017-03-25 21:18:44,016	41867	root	[qtp290381534-17]	Data Access Execution Completed : execution(private com.mtit.models.Book com.mtit.dataaccess.BookDataAccessLayerImpl.getBookFromResultSet(java.sql.ResultSet))
INFO	2017-03-25 21:18:44,016	41867	root	[qtp290381534-17]	Data Access Execution : execution(private com.mtit.models.Book com.mtit.dataaccess.BookDataAccessLayerImpl.getBookFromResultSet(java.sql.ResultSet))
INFO	2017-03-25 21:18:44,017	41868	root	[qtp290381534-17]	Data Access Execution Completed : execution(private com.mtit.models.Book com.mtit.dataaccess.BookDataAccessLayerImpl.getBookFromResultSet(java.sql.ResultSet))
INFO	2017-03-25 21:18:44,018	41869	root	[qtp290381534-17]	Data Access Execution Completed : execution(public java.util.List com.mtit.dataaccess.BookDataAccessLayerImpl.list())
INFO	2017-03-25 21:18:44,019	41870	root	[qtp290381534-17]	Service Execution Completed : execution(public java.util.List com.mtit.service.BookServiceImpl.getBooks())
INFO	2017-03-25 21:19:51,527	109378	root	[qtp290381534-13]	Service Execution : execution(public com.mtit.models.Book com.mtit.service.BookServiceImpl.view(java.lang.String, spark.Response, int))
INFO	2017-03-25 21:19:51,528	109379	root	[qtp290381534-13]	View requested : ID ->3
INFO	2017-03-25 21:19:51,530	109381	root	[qtp290381534-13]	Data Access Execution : execution(public com.mtit.models.Book com.mtit.dataaccess.BookDataAccessLayerImpl.view(int))
INFO	2017-03-25 21:19:51,530	109381	root	[qtp290381534-13]	Data Access Execution : execution(private com.mtit.models.Book com.mtit.dataaccess.BookDataAccessLayerImpl.getBookFromResultSet(java.sql.ResultSet))
INFO	2017-03-25 21:19:51,531	109382	root	[qtp290381534-13]	Data Access Execution Completed : execution(private com.mtit.models.Book com.mtit.dataaccess.BookDataAccessLayerImpl.getBookFromResultSet(java.sql.ResultSet))
INFO	2017-03-25 21:19:51,531	109382	root	[qtp290381534-13]	Data Access Execution Completed : execution(public com.mtit.models.Book com.mtit.dataaccess.BookDataAccessLayerImpl.view(int))
INFO	2017-03-25 21:19:51,532	109383	root	[qtp290381534-13]	Service Execution Completed : execution(public com.mtit.models.Book com.mtit.service.BookServiceImpl.view(java.lang.String, spark.Response, int))
INFO	2017-03-25 21:21:07,029	184880	root	[qtp290381534-20]	Service Execution : execution(public com.mtit.models.Book com.mtit.service.BookServiceImpl.create(java.lang.String, spark.Response))
INFO	2017-03-25 21:21:07,030	184881	root	[qtp290381534-20]	Create Object requested : {
	"title":"Nilesh123",
	"author":"Nilesh Auth",
	"img":"",
	"qty":1
}
INFO	2017-03-25 21:21:07,038	184889	root	[qtp290381534-20]	Data Access Execution : execution(public com.mtit.models.Book com.mtit.dataaccess.BookDataAccessLayerImpl.create(com.mtit.models.Book))
INFO	2017-03-25 21:21:07,044	184895	root	[qtp290381534-20]	Data Access Execution Completed : execution(public com.mtit.models.Book com.mtit.dataaccess.BookDataAccessLayerImpl.create(com.mtit.models.Book))
INFO	2017-03-25 21:21:07,045	184896	root	[qtp290381534-20]	Service Execution Completed : execution(public com.mtit.models.Book com.mtit.service.BookServiceImpl.create(java.lang.String, spark.Response))
INFO	2017-03-25 21:22:06,492	244343	root	[qtp290381534-13]	Service Execution : execution(public com.mtit.models.Book com.mtit.service.BookServiceImpl.update(java.lang.String, spark.Response, int))
INFO	2017-03-25 21:22:06,495	244346	root	[qtp290381534-13]	Update requested : ID ->4
INFO	2017-03-25 21:22:06,496	244347	root	[qtp290381534-13]	Update Object : {
	"title":"Nilesh123",
	"author":"Nilesh update",
	"img":"",
	"qty":1
}
INFO	2017-03-25 21:22:06,497	244348	root	[qtp290381534-13]	Data Access Execution : execution(public com.mtit.models.Book com.mtit.dataaccess.BookDataAccessLayerImpl.update(com.mtit.models.Book))
INFO	2017-03-25 21:22:06,498	244349	root	[qtp290381534-13]	Data Access Execution Completed : execution(public com.mtit.models.Book com.mtit.dataaccess.BookDataAccessLayerImpl.update(com.mtit.models.Book))
INFO	2017-03-25 21:22:06,499	244350	root	[qtp290381534-13]	Service Execution Completed : execution(public com.mtit.models.Book com.mtit.service.BookServiceImpl.update(java.lang.String, spark.Response, int))
INFO	2017-03-25 21:22:50,792	288643	root	[qtp290381534-18]	Service Execution : execution(public com.mtit.models.Book com.mtit.service.BookServiceImpl.del(java.lang.String, spark.Response, int))
INFO	2017-03-25 21:22:50,792	288643	root	[qtp290381534-18]	Delete requested : ID ->4
INFO	2017-03-25 21:22:50,793	288644	root	[qtp290381534-18]	Data Access Execution : execution(public com.mtit.models.Book com.mtit.dataaccess.BookDataAccessLayerImpl.delete(com.mtit.models.Book))
INFO	2017-03-25 21:22:50,794	288645	root	[qtp290381534-18]	Data Access Execution Completed : execution(public com.mtit.models.Book com.mtit.dataaccess.BookDataAccessLayerImpl.delete(com.mtit.models.Book))
INFO	2017-03-25 21:22:50,795	288646	root	[qtp290381534-18]	Service Execution Completed : execution(public com.mtit.models.Book com.mtit.service.BookServiceImpl.del(java.lang.String, spark.Response, int))
INFO	2017-03-25 21:24:21,452	379303	root	[qtp290381534-14]	Service Execution : execution(public com.mtit.models.Book com.mtit.service.BookServiceImpl.view(java.lang.String, spark.Response, int))
INFO	2017-03-25 21:24:21,453	379304	root	[qtp290381534-14]	View requested : ID ->2
INFO	2017-03-25 21:24:21,454	379305	root	[qtp290381534-14]	Data Access Execution : execution(public com.mtit.models.Book com.mtit.dataaccess.BookDataAccessLayerImpl.view(int))
INFO	2017-03-25 21:24:21,454	379305	root	[qtp290381534-14]	Data Access Execution Completed : execution(public com.mtit.models.Book com.mtit.dataaccess.BookDataAccessLayerImpl.view(int))
INFO	2017-03-25 21:24:21,455	379306	root	[qtp290381534-14]	************* Data Access EXCEPTION **************
INFO	2017-03-25 21:24:21,456	379307	root	[qtp290381534-14]	Method  :execution(public com.mtit.models.Book com.mtit.dataaccess.BookDataAccessLayerImpl.view(int))
INFO	2017-03-25 21:24:21,456	379307	root	[qtp290381534-14]	Message :Book view failed. No such book exists. ID -> 2
INFO	2017-03-25 21:24:21,457	379308	root	[qtp290381534-14]	**************** END *****************************
INFO	2017-03-25 21:24:21,458	379309	root	[qtp290381534-14]	************* Service EXCEPTION **************
INFO	2017-03-25 21:24:21,458	379309	root	[qtp290381534-14]	Method  :execution(public com.mtit.models.Book com.mtit.service.BookServiceImpl.view(java.lang.String, spark.Response, int))
INFO	2017-03-25 21:24:21,459	379310	root	[qtp290381534-14]	Message :Book view failed. No such book exists. ID -> 2
INFO	2017-03-25 21:24:21,460	379311	root	[qtp290381534-14]	**************** END *************************
INFO	2017-03-25 21:24:21,460	379311	root	[qtp290381534-14]	Service Execution Completed : execution(public com.mtit.models.Book com.mtit.service.BookServiceImpl.view(java.lang.String, spark.Response, int))
INFO	2017-03-25 21:26:13,225	491076	root	[qtp290381534-16]	Service Execution : execution(public com.mtit.models.Book com.mtit.service.BookServiceImpl.update(java.lang.String, spark.Response, int))
INFO	2017-03-25 21:26:13,226	491077	root	[qtp290381534-16]	Update requested : ID ->4
INFO	2017-03-25 21:26:13,226	491077	root	[qtp290381534-16]	Update Object : {
	"title":"Nilesh123",
	"author":"Nilesh update",
	"img":"",
	"qty":1
}
INFO	2017-03-25 21:26:13,227	491078	root	[qtp290381534-16]	Data Access Execution : execution(public com.mtit.models.Book com.mtit.dataaccess.BookDataAccessLayerImpl.update(com.mtit.models.Book))
INFO	2017-03-25 21:26:13,228	491079	root	[qtp290381534-16]	Data Access Execution Completed : execution(public com.mtit.models.Book com.mtit.dataaccess.BookDataAccessLayerImpl.update(com.mtit.models.Book))
INFO	2017-03-25 21:26:13,228	491079	root	[qtp290381534-16]	************* Data Access EXCEPTION **************
INFO	2017-03-25 21:26:13,229	491080	root	[qtp290381534-16]	Method  :execution(public com.mtit.models.Book com.mtit.dataaccess.BookDataAccessLayerImpl.update(com.mtit.models.Book))
INFO	2017-03-25 21:26:13,229	491080	root	[qtp290381534-16]	Message :No such book exists on ID -> 4
INFO	2017-03-25 21:26:13,230	491081	root	[qtp290381534-16]	**************** END *****************************
INFO	2017-03-25 21:26:13,230	491081	root	[qtp290381534-16]	************* Service EXCEPTION **************
INFO	2017-03-25 21:26:13,231	491082	root	[qtp290381534-16]	Method  :execution(public com.mtit.models.Book com.mtit.service.BookServiceImpl.update(java.lang.String, spark.Response, int))
INFO	2017-03-25 21:26:13,232	491083	root	[qtp290381534-16]	Message :No such book exists on ID -> 4
INFO	2017-03-25 21:26:13,232	491083	root	[qtp290381534-16]	**************** END *************************
INFO	2017-03-25 21:26:13,232	491083	root	[qtp290381534-16]	Service Execution Completed : execution(public com.mtit.models.Book com.mtit.service.BookServiceImpl.update(java.lang.String, spark.Response, int))
INFO	2017-03-25 21:28:37,338	635189	root	[qtp290381534-13]	Service Execution : execution(public com.mtit.models.Book com.mtit.service.BookServiceImpl.del(java.lang.String, spark.Response, int))
INFO	2017-03-25 21:28:37,339	635190	root	[qtp290381534-13]	Delete requested : ID ->4
INFO	2017-03-25 21:28:37,340	635191	root	[qtp290381534-13]	Data Access Execution : execution(public com.mtit.models.Book com.mtit.dataaccess.BookDataAccessLayerImpl.delete(com.mtit.models.Book))
INFO	2017-03-25 21:28:37,341	635192	root	[qtp290381534-13]	Data Access Execution Completed : execution(public com.mtit.models.Book com.mtit.dataaccess.BookDataAccessLayerImpl.delete(com.mtit.models.Book))
INFO	2017-03-25 21:28:37,341	635192	root	[qtp290381534-13]	************* Data Access EXCEPTION **************
INFO	2017-03-25 21:28:37,342	635193	root	[qtp290381534-13]	Method  :execution(public com.mtit.models.Book com.mtit.dataaccess.BookDataAccessLayerImpl.delete(com.mtit.models.Book))
INFO	2017-03-25 21:28:37,343	635194	root	[qtp290381534-13]	Message :No such book exisits -> 4
INFO	2017-03-25 21:28:37,343	635194	root	[qtp290381534-13]	**************** END *****************************
INFO	2017-03-25 21:28:37,344	635195	root	[qtp290381534-13]	************* Service EXCEPTION **************
INFO	2017-03-25 21:28:37,344	635195	root	[qtp290381534-13]	Method  :execution(public com.mtit.models.Book com.mtit.service.BookServiceImpl.del(java.lang.String, spark.Response, int))
INFO	2017-03-25 21:28:37,345	635196	root	[qtp290381534-13]	Message :No such book exisits -> 4
INFO	2017-03-25 21:28:37,345	635196	root	[qtp290381534-13]	**************** END *************************
INFO	2017-03-25 21:28:37,346	635197	root	[qtp290381534-13]	Service Execution Completed : execution(public com.mtit.models.Book com.mtit.service.BookServiceImpl.del(java.lang.String, spark.Response, int))
INFO	2017-03-25 21:28:58,594	656445	root	[qtp290381534-18]	Service Execution : execution(public com.mtit.models.Book com.mtit.service.BookServiceImpl.del(java.lang.String, spark.Response, int))
INFO	2017-03-25 21:28:58,594	656445	root	[qtp290381534-18]	Delete requested : ID ->4
INFO	2017-03-25 21:28:58,595	656446	root	[qtp290381534-18]	Data Access Execution : execution(public com.mtit.models.Book com.mtit.dataaccess.BookDataAccessLayerImpl.delete(com.mtit.models.Book))
INFO	2017-03-25 21:28:58,595	656446	root	[qtp290381534-18]	Data Access Execution Completed : execution(public com.mtit.models.Book com.mtit.dataaccess.BookDataAccessLayerImpl.delete(com.mtit.models.Book))
INFO	2017-03-25 21:28:58,596	656447	root	[qtp290381534-18]	************* Data Access EXCEPTION **************
INFO	2017-03-25 21:28:58,596	656447	root	[qtp290381534-18]	Method  :execution(public com.mtit.models.Book com.mtit.dataaccess.BookDataAccessLayerImpl.delete(com.mtit.models.Book))
INFO	2017-03-25 21:28:58,597	656448	root	[qtp290381534-18]	Message :No such book exisits -> 4
INFO	2017-03-25 21:28:58,597	656448	root	[qtp290381534-18]	**************** END *****************************
INFO	2017-03-25 21:28:58,598	656449	root	[qtp290381534-18]	************* Service EXCEPTION **************
INFO	2017-03-25 21:28:58,598	656449	root	[qtp290381534-18]	Method  :execution(public com.mtit.models.Book com.mtit.service.BookServiceImpl.del(java.lang.String, spark.Response, int))
INFO	2017-03-25 21:28:58,599	656450	root	[qtp290381534-18]	Message :No such book exisits -> 4
INFO	2017-03-25 21:28:58,599	656450	root	[qtp290381534-18]	**************** END *************************
INFO	2017-03-25 21:28:58,600	656451	root	[qtp290381534-18]	Service Execution Completed : execution(public com.mtit.models.Book com.mtit.service.BookServiceImpl.del(java.lang.String, spark.Response, int))
